<?xml version="1.0" encoding="UTF-8"?>
<testsuite xmlns:xsi="http://www.w3.org/2001/XMLSchema-instance" xsi:noNamespaceSchemaLocation="https://maven.apache.org/surefire/maven-surefire-plugin/xsd/surefire-test-report-3.0.xsd" version="3.0" name="cc.mallet.misc.SystematicSamplingTest" time="0.405" tests="9" errors="0" skipped="0" failures="0">
  <properties>
[...]
</properties>
  <testcase name="testSystemicSamplingProbsWithProbOne" classname="cc.mallet.misc.SystematicSamplingTest" time="0.221">
    <system-out><![CDATA[Sum is: 716
max is: 100
Given probs are:
0,010000, 1,400000, 0,140000, 0,200000, 0,130000, 1,100000, 0,040000, 0,290000, 0,900000, 0,340000, 0,010000, 0,290000, 2,300000, 0,010000, 
Sample probs are:
0,010010, 1,000000, 0,140470, 0,199560, 0,130040, 1,000000, 0,039060, 0,289980, 0,901810, 0,339940, 0,010400, 0,290100, 1,000000, 0,010050, 
P-value: 0.9746438054138526
P-value: 0.668405884602453
P-value: 0.730923591728187
P-value: 0.9699968103132132
P-value: 0.13132761525565328
P-value: 0.9916594494136574
P-value: 0.05640263487695704
P-value: 0.9707117572419415
P-value: 0.20359833075584824
P-value: 0.9444403472071801
P-value: 0.8737293913371661
]]></system-out>
  </testcase>
  <testcase name="testSystemicSamplingProbs" classname="cc.mallet.misc.SystematicSamplingTest" time="0.145">
    <system-out><![CDATA[Sum is: 716
max is: 716
Given probs are:
0,001397, 0,195531, 0,019553, 0,027933, 0,018156, 0,153631, 0,005587, 0,040503, 0,125698, 0,047486, 0,001397, 0,040503, 0,321229, 0,001397, 
Sample probs are:
0,001540, 0,195280, 0,019200, 0,028300, 0,018440, 0,152430, 0,005820, 0,040770, 0,126300, 0,046460, 0,001360, 0,040340, 0,322270, 0,001490, 
P-value: 0.21946551743299603
P-value: 0.8451223986728271
P-value: 0.4307054004779786
P-value: 0.4776671626650837
P-value: 0.499657789043466
P-value: 0.29465142867414523
P-value: 0.31871125048149257
P-value: 0.6649332380246592
P-value: 0.5638668103650538
P-value: 0.12749302066718385
P-value: 0.7994300244769296
P-value: 0.8036382307120868
P-value: 0.48123989165901176
P-value: 0.4209723482782577
]]></system-out>
  </testcase>
  <testcase name="testSystemicSamplingMaxTimes" classname="cc.mallet.misc.SystematicSamplingTest" time="0.011">
    <system-out><![CDATA[Given counts are:
4, 140, 14, 20, 13, 110, 29, 90, 34, 29, 230, 
Sum is: 713
max is: 230
Samples are:
2, 142, 11, 16, 18, 108, 26, 96, 34, 27, 230, 
Given probs are:
0,005610, 0,196353, 0,019635, 0,028050, 0,018233, 0,154278, 0,040673, 0,126227, 0,047686, 0,040673, 0,322581, 
Sample probs are:
0,002817, 0,200000, 0,015493, 0,022535, 0,025352, 0,152113, 0,036620, 0,135211, 0,047887, 0,038028, 0,323944, 
LLratio: 36.3606146101306
Chi of llratio: 7.296967947045818E-5
p-value: 0.987039408428394
]]></system-out>
  </testcase>
  <testcase name="testSystemicSamplingStep1" classname="cc.mallet.misc.SystematicSamplingTest" time="0.0"/>
  <testcase name="testSystemicSamplingStep50" classname="cc.mallet.misc.SystematicSamplingTest" time="0.001">
    <system-out><![CDATA[19, 17, 230, 56, 102, 59, 230, 141, 230, 157, 141, 230, ]]></system-out>
  </testcase>
  <testcase name="testZeroCountFirst" classname="cc.mallet.misc.SystematicSamplingTest" time="0.0">
    <system-out><![CDATA[Sum is: 716
max is: 716
]]></system-out>
  </testcase>
  <testcase name="testZeroCountLast" classname="cc.mallet.misc.SystematicSamplingTest" time="0.0">
    <system-out><![CDATA[Sum is: 716
max is: 716
]]></system-out>
  </testcase>
  <testcase name="testZeroCountsomewhere" classname="cc.mallet.misc.SystematicSamplingTest" time="0.001">
    <system-out><![CDATA[Sum is: 716
max is: 716
]]></system-out>
  </testcase>
  <testcase name="testSystemicSampling" classname="cc.mallet.misc.SystematicSamplingTest" time="0.005">
    <system-out><![CDATA[Sum is: 713
max is: 230
Samples are:
93, 3003, 305, 421, 267, 2452, 609, 1922, 770, 650, 5000, 
Given probs are:
0,005610, 0,196353, 0,019635, 0,028050, 0,018233, 0,154278, 0,040673, 0,126227, 0,047686, 0,040673, 0,322581, 
Sample probs are:
0,006003, 0,193842, 0,019688, 0,027175, 0,017235, 0,158275, 0,039311, 0,124064, 0,049703, 0,041957, 0,322747, 
LLratio: 41.138728516721585
Chi of llratio: 1.0663539285915569E-5
p-value: 0.9999993665087993
]]></system-out>
  </testcase>
</testsuite>