<?xml version="1.0" encoding="UTF-8"?>
<testsuite xmlns:xsi="http://www.w3.org/2001/XMLSchema-instance" xsi:noNamespaceSchemaLocation="https://maven.apache.org/surefire/maven-surefire-plugin/xsd/surefire-test-report-3.0.xsd" version="3.0" name="cc.mallet.topics.ReadWriteTest" time="43.363" tests="4" errors="0" skipped="0" failures="0">
  <properties>
[...]
</properties>
  <testcase name="testWRWithSimpleConfigUncollapsed" classname="cc.mallet.topics.ReadWriteTest" time="13.306">
    <system-out><![CDATA[Using Config: <SimpleLDAConfiguration>
Using dataset: src/main/resources/datasets/nips.txt
Scheme: uncollapsed
Finished sampling!
]]></system-out>
    <system-err><![CDATA[Iteration   0% &amp#27;[33m│                                │&amp#27;[0m   0/100 (0:00:00 / ?) Iteration   7% &amp#27;[33m│█▊                        │&amp#27;[0m   7/100 (0:00:01 / 0:00:13) Iteration  16% &amp#27;[33m│████▏                     │&amp#27;[0m  16/100 (0:00:02 / 0:00:10) Iteration  25% &amp#27;[33m│██████▌                   │&amp#27;[0m  25/100 (0:00:03 / 0:00:09) Iteration  34% &amp#27;[33m│████████▊                 │&amp#27;[0m  34/100 (0:00:04 / 0:00:07) Iteration  43% &amp#27;[33m│███████████▏              │&amp#27;[0m  43/100 (0:00:05 / 0:00:06) Oct 18, 2023 4:06:48 PM cc.mallet.topics.UncollapsedParallelLDA sample
INFO: <50> Log Likelihood: -1.6158957517430257E7
Iteration  51% &amp#27;[33m│█████████████▎            │&amp#27;[0m  51/100 (0:00:06 / 0:00:05) Iteration  60% &amp#27;[33m│███████████████▌          │&amp#27;[0m  60/100 (0:00:07 / 0:00:04) Iteration  68% &amp#27;[33m│█████████████████▋        │&amp#27;[0m  68/100 (0:00:08 / 0:00:03) Iteration  77% &amp#27;[33m│████████████████████      │&amp#27;[0m  77/100 (0:00:09 / 0:00:02) Iteration  85% &amp#27;[33m│██████████████████████    │&amp#27;[0m  85/100 (0:00:10 / 0:00:01) Iteration  94% &amp#27;[33m│████████████████████████▍ │&amp#27;[0m  94/100 (0:00:11 / 0:00:00) Oct 18, 2023 4:06:54 PM cc.mallet.topics.UncollapsedParallelLDA sample
INFO: <100> Log Likelihood: -1.5892399221774668E7
Iteration 100% &amp#27;[33m│██████████████████████████│&amp#27;[0m 100/100 (0:00:11 / 0:00:00) Iteration 100% &amp#27;[33m│██████████████████████████│&amp#27;[0m 100/100 (0:00:11 / 0:00:00) 
]]></system-err>
  </testcase>
  <testcase name="testWRWithParsedConfigUncollapsed" classname="cc.mallet.topics.ReadWriteTest" time="11.882">
    <system-out><![CDATA[Using Config: src/main/resources/configuration/UnitTestConfig.cfg
Using dataset: src/main/resources/datasets/ap.txt
Finished sampling!
Reading config from:src/main/resources/configuration/UnitTestConfig.cfg
Done Reading config!
]]></system-out>
    <system-err><![CDATA[Iteration   0% &amp#27;[33m│                                  │&amp#27;[0m  0/20 (0:00:00 / ?) Iteration  10% &amp#27;[33m│██▊                         │&amp#27;[0m  2/20 (0:00:01 / 0:00:09) Iteration  20% &amp#27;[33m│█████▌                      │&amp#27;[0m  4/20 (0:00:02 / 0:00:08) Iteration  35% &amp#27;[33m│█████████▊                  │&amp#27;[0m  7/20 (0:00:03 / 0:00:05) Iteration  45% &amp#27;[33m│████████████▌               │&amp#27;[0m  9/20 (0:00:04 / 0:00:04) Oct 18, 2023 4:07:00 PM cc.mallet.topics.UncollapsedParallelLDA sample
INFO: <10> Log Likelihood: -5005203.2295079585
Iteration  55% &amp#27;[33m│███████████████▍            │&amp#27;[0m 11/20 (0:00:05 / 0:00:04) Iteration  65% &amp#27;[33m│██████████████████▏         │&amp#27;[0m 13/20 (0:00:06 / 0:00:03) Iteration  75% &amp#27;[33m│█████████████████████       │&amp#27;[0m 15/20 (0:00:07 / 0:00:02) Iteration  85% &amp#27;[33m│███████████████████████▊    │&amp#27;[0m 17/20 (0:00:08 / 0:00:01) Iteration  95% &amp#27;[33m│██████████████████████████▌ │&amp#27;[0m 19/20 (0:00:09 / 0:00:00) Oct 18, 2023 4:07:05 PM cc.mallet.topics.UncollapsedParallelLDA sample
INFO: <20> Log Likelihood: -4631078.8579308735
Iteration 100% &amp#27;[33m│████████████████████████████│&amp#27;[0m 20/20 (0:00:09 / 0:00:00) Iteration 100% &amp#27;[33m│████████████████████████████│&amp#27;[0m 20/20 (0:00:09 / 0:00:00) 
]]></system-err>
  </testcase>
  <testcase name="testWRWithSimpleConfigHDP" classname="cc.mallet.topics.ReadWriteTest" time="13.057">
    <system-out><![CDATA[Using Config: <SimpleLDAConfiguration>
Using dataset: src/main/resources/datasets/nips.txt
Scheme: uncollapsed
HDP gamma: 1.0
HDP start topics: 1
Finished sampling!
]]></system-out>
    <system-err><![CDATA[Iteration   0% &amp#27;[33m│                                │&amp#27;[0m   0/100 (0:00:00 / ?) Iteration   9% &amp#27;[33m│██▎                       │&amp#27;[0m   9/100 (0:00:01 / 0:00:10) Iteration  19% &amp#27;[33m│████▉                     │&amp#27;[0m  19/100 (0:00:02 / 0:00:08) Iteration  29% &amp#27;[33m│███████▌                  │&amp#27;[0m  29/100 (0:00:03 / 0:00:07) Iteration  39% &amp#27;[33m│██████████▏               │&amp#27;[0m  39/100 (0:00:04 / 0:00:06) Iteration  49% &amp#27;[33m│████████████▋             │&amp#27;[0m  49/100 (0:00:05 / 0:00:05) Oct 18, 2023 4:07:13 PM cc.mallet.topics.PoissonPolyaUrnHDPLDAInfiniteTopics postZ
INFO: Active in data: 20	K = 7	Empty topics (0)
Oct 18, 2023 4:07:13 PM cc.mallet.topics.UncollapsedParallelLDA sample
INFO: <50> Log Likelihood: -1.519097354661842E7
Iteration  58% &amp#27;[33m│███████████████           │&amp#27;[0m  58/100 (0:00:06 / 0:00:04) Iteration  68% &amp#27;[33m│█████████████████▋        │&amp#27;[0m  68/100 (0:00:07 / 0:00:03) Iteration  77% &amp#27;[33m│████████████████████      │&amp#27;[0m  77/100 (0:00:08 / 0:00:02) Iteration  86% &amp#27;[33m│██████████████████████▎   │&amp#27;[0m  86/100 (0:00:09 / 0:00:01) Iteration  94% &amp#27;[33m│████████████████████████▍ │&amp#27;[0m  94/100 (0:00:10 / 0:00:00) Oct 18, 2023 4:07:18 PM cc.mallet.topics.PoissonPolyaUrnHDPLDAInfiniteTopics postZ
INFO: Active in data: 20	K = 10	Empty topics (0)
Oct 18, 2023 4:07:18 PM cc.mallet.topics.UncollapsedParallelLDA sample
INFO: <100> Log Likelihood: -1.5280819921374546E7
Iteration 100% &amp#27;[33m│██████████████████████████│&amp#27;[0m 100/100 (0:00:10 / 0:00:00) Iteration 100% &amp#27;[33m│██████████████████████████│&amp#27;[0m 100/100 (0:00:10 / 0:00:00) 
]]></system-err>
  </testcase>
  <testcase name="testWRWithParsedConfigHDP" classname="cc.mallet.topics.ReadWriteTest" time="5.116">
    <system-out><![CDATA[Using Config: src/main/resources/configuration/UnitTestConfig.cfg
Using dataset: src/main/resources/datasets/ap.txt
HDP gamma: 1.0
HDP start topics: 1
Finished sampling!
Reading config from:src/main/resources/configuration/UnitTestConfig.cfg
Done Reading config!
Reading config from:src/main/resources/configuration/UnitTestConfig.cfg
Done Reading config!
]]></system-out>
    <system-err><![CDATA[Iteration   0% &amp#27;[33m│                                  │&amp#27;[0m  0/20 (0:00:00 / ?) Oct 18, 2023 4:07:21 PM cc.mallet.topics.PoissonPolyaUrnHDPLDAInfiniteTopics postZ
INFO: Active in data: 100	K = 74	Empty topics (0)
Oct 18, 2023 4:07:21 PM cc.mallet.topics.UncollapsedParallelLDA sample
INFO: <10> Log Likelihood: -4531546.012481517
Iteration  55% &amp#27;[33m│███████████████▍            │&amp#27;[0m 11/20 (0:00:01 / 0:00:00) Oct 18, 2023 4:07:22 PM cc.mallet.topics.PoissonPolyaUrnHDPLDAInfiniteTopics postZ
INFO: Active in data: 100	K = 77	Empty topics (0)
Oct 18, 2023 4:07:22 PM cc.mallet.topics.UncollapsedParallelLDA sample
INFO: <20> Log Likelihood: -4467890.795828593
Iteration 100% &amp#27;[33m│████████████████████████████│&amp#27;[0m 20/20 (0:00:01 / 0:00:00) Iteration 100% &amp#27;[33m│████████████████████████████│&amp#27;[0m 20/20 (0:00:01 / 0:00:00) 
]]></system-err>
  </testcase>
</testsuite>