<?xml version="1.0" encoding="UTF-8"?>
<testsuite xmlns:xsi="http://www.w3.org/2001/XMLSchema-instance" xsi:noNamespaceSchemaLocation="https://maven.apache.org/surefire/maven-surefire-plugin/xsd/surefire-test-report-3.0.xsd" version="3.0" name="cc.mallet.similarity.CorpusStatisticsTest" time="37.847" tests="7" errors="0" skipped="0" failures="0">
  <properties>
[...]
</properties>
  <testcase name="testAvgDocLen" classname="cc.mallet.similarity.CorpusStatisticsTest" time="0.0"/>
  <testcase name="testCorpusSize" classname="cc.mallet.similarity.CorpusStatisticsTest" time="0.0"/>
  <testcase name="testNumTypes" classname="cc.mallet.similarity.CorpusStatisticsTest" time="0.0"/>
  <testcase name="testDocFreqs" classname="cc.mallet.similarity.CorpusStatisticsTest" time="0.001"/>
  <testcase name="testAvgDocLenStream" classname="cc.mallet.similarity.CorpusStatisticsTest" time="37.822"/>
  <testcase name="testDocFreqsStream" classname="cc.mallet.similarity.CorpusStatisticsTest" time="0.019"/>
  <testcase name="testInvertedIndex" classname="cc.mallet.similarity.CorpusStatisticsTest" time="0.001"/>
</testsuite>